[2013-01-30 00:05:27,569] WARN     0[http-8080-13] - eu.optimis.ip.gui.client.resources.ConfigManager.getFilePath(ConfigManager.java:57) - Please set environment variable OPTIMIS_HOME. Using default /opt/optimis.
[2013-01-30 00:05:27,572]DEBUG     3[http-8080-13] - eu.optimis.ip.gui.client.resources.ConfigManager.createDefaultConfigFile(ConfigManager.java:74) - File /opt/optimis/etc/IPManagerWeb/log4jIPMW.properties didn't exist. Creating one with default values...
[2013-01-30 00:05:27,573]DEBUG     4[http-8080-13] - eu.optimis.ip.gui.client.resources.ConfigManager.createDefaultConfigFile(ConfigManager.java:77) - Creating parent directories.
[2013-01-30 00:05:27,573]DEBUG     4[http-8080-13] - eu.optimis.ip.gui.client.resources.ConfigManager.createDefaultConfigFile(ConfigManager.java:81) - Creating empty file.
[2013-01-30 00:05:27,574]DEBUG     5[http-8080-13] - eu.optimis.ip.gui.client.resources.ConfigManager.createDefaultConfigFile(ConfigManager.java:85) - Copying file log4jIPMW.properties
[2013-01-30 00:18:04,357] WARN     0[http-8080-2] - eu.optimis.ip.gui.client.resources.ConfigManager.getFilePath(ConfigManager.java:57) - Please set environment variable OPTIMIS_HOME. Using default /opt/optimis.
[2013-01-30 00:18:04,362]DEBUG     5[http-8080-2] - eu.optimis.ip.gui.client.resources.ConfigManager.createDefaultConfigFile(ConfigManager.java:74) - File /opt/optimis/etc/IPManagerWeb/log4jIPMW.properties didn't exist. Creating one with default values...
[2013-01-30 00:18:04,363]DEBUG     6[http-8080-2] - eu.optimis.ip.gui.client.resources.ConfigManager.createDefaultConfigFile(ConfigManager.java:77) - Creating parent directories.
[2013-01-30 00:18:04,364]DEBUG     7[http-8080-2] - eu.optimis.ip.gui.client.resources.ConfigManager.createDefaultConfigFile(ConfigManager.java:81) - Creating empty file.
[2013-01-30 00:18:04,365]DEBUG     8[http-8080-2] - eu.optimis.ip.gui.client.resources.ConfigManager.createDefaultConfigFile(ConfigManager.java:85) - Copying file log4jIPMW.properties
[2013-01-30 01:16:01,980] WARN     0[http-8080-2] - eu.optimis.ip.gui.client.resources.ConfigManager.getFilePath(ConfigManager.java:57) - Please set environment variable OPTIMIS_HOME. Using default /opt/optimis.
[2013-01-30 01:16:01,982]DEBUG     2[http-8080-2] - eu.optimis.ip.gui.client.resources.ConfigManager.createDefaultConfigFile(ConfigManager.java:74) - File /opt/optimis/etc/IPManagerWeb/log4jIPMW.properties didn't exist. Creating one with default values...
[2013-01-30 01:16:01,983]DEBUG     3[http-8080-2] - eu.optimis.ip.gui.client.resources.ConfigManager.createDefaultConfigFile(ConfigManager.java:77) - Creating parent directories.
[2013-01-30 01:16:01,983]DEBUG     3[http-8080-2] - eu.optimis.ip.gui.client.resources.ConfigManager.createDefaultConfigFile(ConfigManager.java:81) - Creating empty file.
[2013-01-30 01:16:01,984]DEBUG     4[http-8080-2] - eu.optimis.ip.gui.client.resources.ConfigManager.createDefaultConfigFile(ConfigManager.java:85) - Copying file log4jIPMW.properties
[2013-01-30 01:36:29,494] WARN     0[http-8080-2] - eu.optimis.ip.gui.client.resources.ConfigManager.getFilePath(ConfigManager.java:57) - Please set environment variable OPTIMIS_HOME. Using default /opt/optimis.
[2013-01-30 09:54:42,853] WARN     0[http-8080-2] - eu.optimis.ip.gui.client.resources.ConfigManager.getFilePath(ConfigManager.java:57) - Please set environment variable OPTIMIS_HOME. Using default /opt/optimis.
[2013-01-30 10:04:49,491] WARN     0[http-8080-1] - eu.optimis.ip.gui.client.resources.ConfigManager.getFilePath(ConfigManager.java:57) - Please set environment variable OPTIMIS_HOME. Using default /opt/optimis.
[2013-01-30 10:11:23,617] WARN     0[http-8080-2] - eu.optimis.ip.gui.client.resources.ConfigManager.getFilePath(ConfigManager.java:57) - Please set environment variable OPTIMIS_HOME. Using default /opt/optimis.
[2013-02-01 20:48:20,589] WARN     0[http-8080-5] - eu.optimis.ip.gui.client.resources.ConfigManager.getFilePath(ConfigManager.java:57) - Please set environment variable OPTIMIS_HOME. Using default /opt/optimis.
[2013-02-01 20:56:09,123] WARN     0[http-8080-4] - eu.optimis.ip.gui.client.resources.ConfigManager.getFilePath(ConfigManager.java:57) - Please set environment variable OPTIMIS_HOME. Using default /opt/optimis.
[2013-02-01 20:58:24,977] WARN     0[http-8080-1] - eu.optimis.ip.gui.client.resources.ConfigManager.getFilePath(ConfigManager.java:57) - Please set environment variable OPTIMIS_HOME. Using default /opt/optimis.
[2013-02-01 21:00:19,158] WARN     0[http-8080-2] - eu.optimis.ip.gui.client.resources.ConfigManager.getFilePath(ConfigManager.java:57) - Please set environment variable OPTIMIS_HOME. Using default /opt/optimis.
[2013-02-01 21:07:40,186] WARN     0[http-8080-1] - eu.optimis.ip.gui.client.resources.ConfigManager.getFilePath(ConfigManager.java:57) - Please set environment variable OPTIMIS_HOME. Using default /opt/optimis.
[2013-02-01 21:11:42,978] WARN     0[http-8080-1] - eu.optimis.ip.gui.client.resources.ConfigManager.getFilePath(ConfigManager.java:57) - Please set environment variable OPTIMIS_HOME. Using default /opt/optimis.
[2013-02-01 21:12:48,387] WARN     0[http-8080-1] - eu.optimis.ip.gui.client.resources.ConfigManager.getFilePath(ConfigManager.java:57) - Please set environment variable OPTIMIS_HOME. Using default /opt/optimis.
[2013-02-01 21:28:35,999] WARN     0[http-8080-1] - eu.optimis.ip.gui.client.resources.ConfigManager.getFilePath(ConfigManager.java:57) - Please set environment variable OPTIMIS_HOME. Using default /opt/optimis.
[2013-02-01 21:32:24,417] WARN     0[http-8080-4] - eu.optimis.ip.gui.client.resources.ConfigManager.getFilePath(ConfigManager.java:57) - Please set environment variable OPTIMIS_HOME. Using default /opt/optimis.
[2013-02-01 21:44:27,397] WARN     0[http-8080-1] - eu.optimis.ip.gui.client.resources.ConfigManager.getFilePath(ConfigManager.java:57) - Please set environment variable OPTIMIS_HOME. Using default /opt/optimis.
[2013-02-04 12:03:47,453] WARN     0[http-8080-1] - eu.optimis.ip.gui.client.resources.ConfigManager.getFilePath(ConfigManager.java:57) - Please set environment variable OPTIMIS_HOME. Using default /opt/optimis.
[2013-02-04 12:25:32,324] WARN     0[http-8080-2] - eu.optimis.ip.gui.client.resources.ConfigManager.getFilePath(ConfigManager.java:57) - Please set environment variable OPTIMIS_HOME. Using default /opt/optimis.
[2013-02-04 12:26:27,382] WARN     0[http-8080-1] - eu.optimis.ip.gui.client.resources.ConfigManager.getFilePath(ConfigManager.java:57) - Please set environment variable OPTIMIS_HOME. Using default /opt/optimis.
[2013-02-04 13:49:53,206] WARN     0[http-8080-2] - eu.optimis.ip.gui.client.resources.ConfigManager.getFilePath(ConfigManager.java:57) - Please set environment variable OPTIMIS_HOME. Using default /opt/optimis.
[2013-02-04 13:51:43,268] WARN     0[http-8080-1] - eu.optimis.ip.gui.client.resources.ConfigManager.getFilePath(ConfigManager.java:57) - Please set environment variable OPTIMIS_HOME. Using default /opt/optimis.
[2013-02-08 11:39:25,490] WARN     0[http-8080-1] - eu.optimis.ip.gui.client.resources.ConfigManager.getFilePath(ConfigManager.java:57) - Please set environment variable OPTIMIS_HOME. Using default /opt/optimis.
[2013-02-08 13:04:14,041] WARN     0[http-8080-1] - eu.optimis.ip.gui.client.resources.ConfigManager.getFilePath(ConfigManager.java:57) - Please set environment variable OPTIMIS_HOME. Using default /opt/optimis.
[2013-02-08 13:05:39,099] WARN     0[http-8080-1] - eu.optimis.ip.gui.client.resources.ConfigManager.getFilePath(ConfigManager.java:57) - Please set environment variable OPTIMIS_HOME. Using default /opt/optimis.
[2013-02-08 13:08:37,207] WARN     0[http-8080-2] - eu.optimis.ip.gui.client.resources.ConfigManager.getFilePath(ConfigManager.java:57) - Please set environment variable OPTIMIS_HOME. Using default /opt/optimis.
[2013-02-08 13:11:47,332] WARN     0[http-8080-1] - eu.optimis.ip.gui.client.resources.ConfigManager.getFilePath(ConfigManager.java:57) - Please set environment variable OPTIMIS_HOME. Using default /opt/optimis.
[2013-02-08 13:12:07,203] WARN     0[http-8080-1] - eu.optimis.ip.gui.client.resources.ConfigManager.getFilePath(ConfigManager.java:57) - Please set environment variable OPTIMIS_HOME. Using default /opt/optimis.
[2013-02-08 13:12:47,265] WARN     0[http-8080-1] - eu.optimis.ip.gui.client.resources.ConfigManager.getFilePath(ConfigManager.java:57) - Please set environment variable OPTIMIS_HOME. Using default /opt/optimis.
[2013-02-08 13:21:34,661] WARN     0[http-8080-4] - eu.optimis.ip.gui.client.resources.ConfigManager.getFilePath(ConfigManager.java:57) - Please set environment variable OPTIMIS_HOME. Using default /opt/optimis.
[2013-02-08 13:25:29,779] WARN     0[http-8080-2] - eu.optimis.ip.gui.client.resources.ConfigManager.getFilePath(ConfigManager.java:57) - Please set environment variable OPTIMIS_HOME. Using default /opt/optimis.
[2013-02-08 13:25:49,671] WARN     0[http-8080-1] - eu.optimis.ip.gui.client.resources.ConfigManager.getFilePath(ConfigManager.java:57) - Please set environment variable OPTIMIS_HOME. Using default /opt/optimis.
[2013-02-08 13:27:54,766] WARN     0[http-8080-2] - eu.optimis.ip.gui.client.resources.ConfigManager.getFilePath(ConfigManager.java:57) - Please set environment variable OPTIMIS_HOME. Using default /opt/optimis.
[2013-02-08 13:29:42,884] WARN     0[http-8080-3] - eu.optimis.ip.gui.client.resources.ConfigManager.getFilePath(ConfigManager.java:57) - Please set environment variable OPTIMIS_HOME. Using default /opt/optimis.
[2013-02-08 14:02:18,407] WARN     0[http-8080-1] - eu.optimis.ip.gui.client.resources.ConfigManager.getFilePath(ConfigManager.java:57) - Please set environment variable OPTIMIS_HOME. Using default /opt/optimis.
[2013-02-22 19:37:27,077] WARN     0[http-8080-5] - eu.optimis.ip.gui.client.resources.ConfigManager.getFilePath(ConfigManager.java:59) - Please set environment variable OPTIMIS_HOME. Using default /opt/optimis.
[2013-02-22 20:56:27,201] WARN     0[http-8080-6] - eu.optimis.ip.gui.client.resources.ConfigManager.getFilePath(ConfigManager.java:59) - Please set environment variable OPTIMIS_HOME. Using default /opt/optimis.
[2013-02-22 21:11:56,664] WARN     0[http-8080-3] - eu.optimis.ip.gui.client.resources.ConfigManager.getFilePath(ConfigManager.java:59) - Please set environment variable OPTIMIS_HOME. Using default /opt/optimis.
[2013-04-23 12:02:38,889] WARN     0[http-8080-1] - eu.optimis.ip.gui.client.resources.ConfigManager.getFilePath(ConfigManager.java:59) - Please set environment variable OPTIMIS_HOME. Using default /opt/optimis.
[2013-04-23 12:24:01,646] WARN     0[http-8080-4] - eu.optimis.ip.gui.client.resources.ConfigManager.getFilePath(ConfigManager.java:59) - Please set environment variable OPTIMIS_HOME. Using default /opt/optimis.
[2013-04-23 12:27:15,250] WARN     0[http-8080-3] - eu.optimis.ip.gui.client.resources.ConfigManager.getFilePath(ConfigManager.java:59) - Please set environment variable OPTIMIS_HOME. Using default /opt/optimis.
[2013-04-23 12:43:32,438] WARN     0[http-8080-6] - eu.optimis.ip.gui.client.resources.ConfigManager.getFilePath(ConfigManager.java:59) - Please set environment variable OPTIMIS_HOME. Using default /opt/optimis.
[2013-04-23 12:46:10,653] WARN     0[http-8080-3] - eu.optimis.ip.gui.client.resources.ConfigManager.getFilePath(ConfigManager.java:59) - Please set environment variable OPTIMIS_HOME. Using default /opt/optimis.
[2013-04-23 12:53:39,971] WARN     0[http-8080-5] - eu.optimis.ip.gui.client.resources.ConfigManager.getFilePath(ConfigManager.java:59) - Please set environment variable OPTIMIS_HOME. Using default /opt/optimis.
[2013-04-23 13:11:37,140] WARN     0[http-8080-6] - eu.optimis.ip.gui.client.resources.ConfigManager.getFilePath(ConfigManager.java:59) - Please set environment variable OPTIMIS_HOME. Using default /opt/optimis.
[2013-04-23 13:12:32,545] WARN     0[http-8080-6] - eu.optimis.ip.gui.client.resources.ConfigManager.getFilePath(ConfigManager.java:59) - Please set environment variable OPTIMIS_HOME. Using default /opt/optimis.
[2013-04-23 13:14:51,533] WARN     0[http-8080-4] - eu.optimis.ip.gui.client.resources.ConfigManager.getFilePath(ConfigManager.java:59) - Please set environment variable OPTIMIS_HOME. Using default /opt/optimis.
[2013-04-23 13:17:28,100] WARN     0[http-8080-2] - eu.optimis.ip.gui.client.resources.ConfigManager.getFilePath(ConfigManager.java:59) - Please set environment variable OPTIMIS_HOME. Using default /opt/optimis.
[2013-04-23 13:21:13,536] WARN     0[http-8080-4] - eu.optimis.ip.gui.client.resources.ConfigManager.getFilePath(ConfigManager.java:59) - Please set environment variable OPTIMIS_HOME. Using default /opt/optimis.
[2013-04-23 13:23:44,279] WARN     0[http-8080-3] - eu.optimis.ip.gui.client.resources.ConfigManager.getFilePath(ConfigManager.java:59) - Please set environment variable OPTIMIS_HOME. Using default /opt/optimis.
[2013-04-23 13:29:14,527] WARN     0[http-8080-6] - eu.optimis.ip.gui.client.resources.ConfigManager.getFilePath(ConfigManager.java:59) - Please set environment variable OPTIMIS_HOME. Using default /opt/optimis.
[2013-04-23 13:33:58,672] WARN     0[http-8080-1] - eu.optimis.ip.gui.client.resources.ConfigManager.getFilePath(ConfigManager.java:59) - Please set environment variable OPTIMIS_HOME. Using default /opt/optimis.
[2013-04-23 13:41:16,024] WARN     0[http-8080-6] - eu.optimis.ip.gui.client.resources.ConfigManager.getFilePath(ConfigManager.java:59) - Please set environment variable OPTIMIS_HOME. Using default /opt/optimis.
[2013-04-23 15:31:14,566] WARN     0[http-8080-4] - eu.optimis.ip.gui.client.resources.ConfigManager.getFilePath(ConfigManager.java:59) - Please set environment variable OPTIMIS_HOME. Using default /opt/optimis.
[2013-04-23 15:32:34,722] WARN     0[http-8080-6] - eu.optimis.ip.gui.client.resources.ConfigManager.getFilePath(ConfigManager.java:59) - Please set environment variable OPTIMIS_HOME. Using default /opt/optimis.
[2013-04-23 17:22:53,802] WARN     0[http-8080-5] - eu.optimis.ip.gui.client.resources.ConfigManager.getFilePath(ConfigManager.java:59) - Please set environment variable OPTIMIS_HOME. Using default /opt/optimis.
[2013-04-23 17:33:52,690] WARN     1[http-8080-7] - eu.optimis.ip.gui.client.resources.ConfigManager.getFilePath(ConfigManager.java:59) - Please set environment variable OPTIMIS_HOME. Using default /opt/optimis.
[2013-04-23 18:50:43,522] WARN     0[http-8080-6] - eu.optimis.ip.gui.client.resources.ConfigManager.getFilePath(ConfigManager.java:59) - Please set environment variable OPTIMIS_HOME. Using default /opt/optimis.
[2013-04-23 18:55:21,574] WARN     0[http-8080-3] - eu.optimis.ip.gui.client.resources.ConfigManager.getFilePath(ConfigManager.java:59) - Please set environment variable OPTIMIS_HOME. Using default /opt/optimis.
