2013-01-16 09:55:00,925 - Log4JLogChute initialized using file 'velocity.log'
2013-01-16 09:55:00,925 - Starting Apache Velocity v1.5 (compiled: 2007-02-22 08:52:29)
2013-01-16 09:55:00,925 - Default Properties File: org/apache/velocity/runtime/defaults/velocity.properties
2013-01-16 09:55:00,925 - Trying to use logger class org.apache.velocity.runtime.log.AvalonLogChute
2013-01-16 09:55:00,926 - Couldn't find class org.apache.velocity.runtime.log.AvalonLogChute or necessary supporting classes in classpath.
java.lang.NoClassDefFoundError: org/apache/log/format/Formatter
	at java.lang.Class.forName0(Native Method)
	at java.lang.Class.forName(Class.java:247)
	at org.apache.velocity.util.ClassUtils.getClass(ClassUtils.java:63)
	at org.apache.velocity.util.ClassUtils.getNewInstance(ClassUtils.java:95)
	at org.apache.velocity.runtime.log.LogManager.createLogChute(LogManager.java:147)
	at org.apache.velocity.runtime.log.LogManager.updateLog(LogManager.java:208)
	at org.apache.velocity.runtime.RuntimeInstance.initializeLog(RuntimeInstance.java:728)
	at org.apache.velocity.runtime.RuntimeInstance.init(RuntimeInstance.java:240)
	at org.apache.velocity.runtime.RuntimeSingleton.init(RuntimeSingleton.java:113)
	at org.apache.velocity.app.Velocity.init(Velocity.java:83)
	at eu.optimis.manifest.api.impl.TemplateLoader.<init>(TemplateLoader.java:100)
	at eu.optimis.manifest.api.impl.ManifestImpl.initializeIncarnatedVirtualMachineComponents(ManifestImpl.java:188)
	at eu.optimis.cloudoptimizer.rest.client.DeploymentTest.testIPDeployment(DeploymentTest.java:50)
	at sun.reflect.NativeMethodAccessorImpl.invoke0(Native Method)
	at sun.reflect.NativeMethodAccessorImpl.invoke(NativeMethodAccessorImpl.java:39)
	at sun.reflect.DelegatingMethodAccessorImpl.invoke(DelegatingMethodAccessorImpl.java:25)
	at java.lang.reflect.Method.invoke(Method.java:597)
	at junit.framework.TestCase.runTest(TestCase.java:154)
	at junit.framework.TestCase.runBare(TestCase.java:127)
	at junit.framework.TestResult$1.protect(TestResult.java:106)
	at junit.framework.TestResult.runProtected(TestResult.java:124)
	at junit.framework.TestResult.run(TestResult.java:109)
	at junit.framework.TestCase.run(TestCase.java:118)
	at junit.framework.TestSuite.runTest(TestSuite.java:208)
	at junit.framework.TestSuite.run(TestSuite.java:203)
	at sun.reflect.NativeMethodAccessorImpl.invoke0(Native Method)
	at sun.reflect.NativeMethodAccessorImpl.invoke(NativeMethodAccessorImpl.java:39)
	at sun.reflect.DelegatingMethodAccessorImpl.invoke(DelegatingMethodAccessorImpl.java:25)
	at java.lang.reflect.Method.invoke(Method.java:597)
	at org.apache.maven.surefire.junit.JUnitTestSet.execute(JUnitTestSet.java:96)
	at org.apache.maven.surefire.junit.JUnit3Provider.executeTestSet(JUnit3Provider.java:117)
	at org.apache.maven.surefire.junit.JUnit3Provider.invoke(JUnit3Provider.java:94)
	at sun.reflect.NativeMethodAccessorImpl.invoke0(Native Method)
	at sun.reflect.NativeMethodAccessorImpl.invoke(NativeMethodAccessorImpl.java:39)
	at sun.reflect.DelegatingMethodAccessorImpl.invoke(DelegatingMethodAccessorImpl.java:25)
	at java.lang.reflect.Method.invoke(Method.java:597)
	at org.apache.maven.surefire.util.ReflectionUtils.invokeMethodWithArray(ReflectionUtils.java:164)
	at org.apache.maven.surefire.booter.ProviderFactory$ProviderProxy.invoke(ProviderFactory.java:110)
	at org.apache.maven.surefire.booter.SurefireStarter.invokeProvider(SurefireStarter.java:175)
	at org.apache.maven.surefire.booter.SurefireStarter.runSuitesInProcessWhenForked(SurefireStarter.java:107)
	at org.apache.maven.surefire.booter.ForkedBooter.main(ForkedBooter.java:68)
Caused by: java.lang.ClassNotFoundException: org.apache.log.format.Formatter
	at java.net.URLClassLoader$1.run(URLClassLoader.java:202)
	at java.security.AccessController.doPrivileged(Native Method)
	at java.net.URLClassLoader.findClass(URLClassLoader.java:190)
	at java.lang.ClassLoader.loadClass(ClassLoader.java:306)
	at sun.misc.Launcher$AppClassLoader.loadClass(Launcher.java:301)
	at java.lang.ClassLoader.loadClass(ClassLoader.java:247)
	... 41 more
2013-01-16 09:55:00,927 - Trying to use logger class org.apache.velocity.runtime.log.Log4JLogChute
2013-01-16 09:55:00,927 - Using logger class org.apache.velocity.runtime.log.Log4JLogChute
2013-01-16 09:55:00,929 - Default ResourceManager initializing. (class org.apache.velocity.runtime.resource.ResourceManagerImpl)
2013-01-16 09:55:00,929 - ResourceLoader instantiated: org.apache.velocity.runtime.resource.loader.ClasspathResourceLoader
2013-01-16 09:55:00,962 - ResourceCache: initialized (class org.apache.velocity.runtime.resource.ResourceCacheImpl)
2013-01-16 09:55:00,964 - Loaded System Directive: org.apache.velocity.runtime.directive.Literal
2013-01-16 09:55:00,967 - Loaded System Directive: org.apache.velocity.runtime.directive.Macro
2013-01-16 09:55:00,970 - Loaded System Directive: org.apache.velocity.runtime.directive.Parse
2013-01-16 09:55:00,973 - Loaded System Directive: org.apache.velocity.runtime.directive.Include
2013-01-16 09:55:00,974 - Loaded System Directive: org.apache.velocity.runtime.directive.Foreach
2013-01-16 09:55:00,993 - Created '20' parsers.
2013-01-16 09:55:00,997 - Velocimacro : "velocimacro.library" is not set.  Trying default library: VM_global_library.vm
2013-01-16 09:55:00,998 - Velocimacro : Default library not found.
2013-01-16 09:55:00,998 - Velocimacro : allowInline = true : VMs can be defined inline in templates
2013-01-16 09:55:00,998 - Velocimacro : allowInlineToOverride = false : VMs defined inline may NOT replace previous VM definitions
2013-01-16 09:55:00,998 - Velocimacro : allowInlineLocal = false : VMs defined inline will be global in scope if allowed.
2013-01-16 09:55:00,998 - Velocimacro : autoload off : VM system will not automatically reload global library macros
2013-01-16 09:55:01,029 - ResourceManager : found /IncarnatedVirtualMachineComponent.vm with loader org.apache.velocity.runtime.resource.loader.ClasspathResourceLoader
