[2012-10-27 01:47:11,459]ERROR     0[main] - eu.optimis.cloudoptimizer.rest.client.CloudOptimizerRESTClient.getVirtualResource(CloudOptimizerRESTClient.java:386) - 204
[2012-10-27 01:47:47,913]ERROR     1[main] - eu.optimis.cloudoptimizer.rest.client.CloudOptimizerRESTClient.getVirtualResource(CloudOptimizerRESTClient.java:386) - 404
[2013-01-21 19:38:06,712]ERROR     0[main] - eu.optimis.ecoefficiencytool.rest.client.EcoEfficiencyToolRESTClientSP.forecastServiceEcoEfficiency(EcoEfficiencyToolRESTClientSP.java:168) - 500
[2013-01-23 11:54:20,809]ERROR     0[main] - eu.optimis.ecoefficiencytool.rest.client.EcoEfficiencyToolRESTClientSP.forecastServiceEcoEfficiency(EcoEfficiencyToolRESTClientSP.java:168) - 500
[2013-01-24 13:30:02,780]ERROR     0[main] - eu.optimis.ecoefficiencytool.rest.client.EcoEfficiencyToolRESTClientSP.forecastServiceEcoEfficiency(EcoEfficiencyToolRESTClientSP.java:168) - 500
[2013-02-06 15:13:30,401]ERROR     0[main] - eu.optimis.ecoefficiencytool.rest.client.EcoEfficiencyToolRESTClientIP.assessVMEcoEfficiency(EcoEfficiencyToolRESTClientIP.java:678) - 404
[2013-02-06 15:13:31,547]ERROR  1146[main] - eu.optimis.ecoefficiencytool.rest.client.EcoEfficiencyToolRESTClientIP.forecastServiceEcoEfficiency(EcoEfficiencyToolRESTClientIP.java:654) - 500
[2013-02-06 15:13:38,080]ERROR  7679[main] - eu.optimis.ecoefficiencytool.rest.client.EcoEfficiencyToolRESTClientSP.forecastServiceEcoEfficiency(EcoEfficiencyToolRESTClientSP.java:168) - 500
[2013-02-06 17:52:25,429]ERROR     0[main] - eu.optimis.ecoefficiencytool.rest.client.EcoEfficiencyToolRESTClientIP.assessVMEcoEfficiency(EcoEfficiencyToolRESTClientIP.java:678) - 400
[2013-02-06 17:52:25,920]ERROR   491[main] - eu.optimis.ecoefficiencytool.rest.client.EcoEfficiencyToolRESTClientIP.assessServiceEcoEfficiency(EcoEfficiencyToolRESTClientIP.java:616) - 400
[2013-02-06 17:52:26,193]ERROR   764[main] - eu.optimis.ecoefficiencytool.rest.client.EcoEfficiencyToolRESTClientIP.assessNodeEcoEfficiency(EcoEfficiencyToolRESTClientIP.java:441) - 400
[2013-02-06 17:52:26,294]ERROR   865[main] - eu.optimis.ecoefficiencytool.rest.client.EcoEfficiencyToolRESTClientIP.assessIPEcoEfficiency(EcoEfficiencyToolRESTClientIP.java:162) - 400
[2013-02-06 17:52:26,649]ERROR  1220[main] - eu.optimis.ecoefficiencytool.rest.client.EcoEfficiencyToolRESTClientIP.forecastIPEcoEfficiencyServiceDeployment(EcoEfficiencyToolRESTClientIP.java:253) - 400
[2013-02-06 17:52:39,705]ERROR 14276[main] - eu.optimis.ecoefficiencytool.rest.client.EcoEfficiencyToolRESTClientSP.forecastServiceEcoEfficiency(EcoEfficiencyToolRESTClientSP.java:168) - 500
[2013-02-06 17:52:39,918]ERROR 14489[main] - eu.optimis.ecoefficiencytool.rest.client.EcoEfficiencyToolRESTClientIP.forecastIPEcoEfficiencyServiceDeployment(EcoEfficiencyToolRESTClientIP.java:253) - 400
[2013-02-06 17:53:14,372]ERROR     0[main] - eu.optimis.ecoefficiencytool.rest.client.EcoEfficiencyToolRESTClientIP.forecastServiceEcoEfficiency(EcoEfficiencyToolRESTClientIP.java:654) - 500
[2013-02-06 17:53:23,525]ERROR  9153[main] - eu.optimis.ecoefficiencytool.rest.client.EcoEfficiencyToolRESTClientIP.forecastIPEcoEfficiencyServiceDeployment(EcoEfficiencyToolRESTClientIP.java:253) - 500
[2013-02-06 17:53:31,800]ERROR 17428[main] - eu.optimis.ecoefficiencytool.rest.client.EcoEfficiencyToolRESTClientIP.forecastIPEcoEfficiencyServiceDeployment(EcoEfficiencyToolRESTClientIP.java:253) - 500
[2013-02-06 17:53:46,666]ERROR 32294[main] - eu.optimis.ecoefficiencytool.rest.client.EcoEfficiencyToolRESTClientSP.forecastServiceEcoEfficiency(EcoEfficiencyToolRESTClientSP.java:168) - 500
[2013-02-18 12:42:02,760]ERROR     0[main] - eu.optimis.ecoefficiencytool.rest.client.EcoEfficiencyToolRESTClientIP.assessIPEcoEfficiency(EcoEfficiencyToolRESTClientIP.java:162) - 500
[2013-02-18 12:42:06,616]ERROR  3856[main] - eu.optimis.ecoefficiencytool.rest.client.EcoEfficiencyToolRESTClientIP.forecastIPEcoEfficiencyServiceDeployment(EcoEfficiencyToolRESTClientIP.java:253) - 500
[2013-02-18 12:42:10,907]ERROR  8147[main] - eu.optimis.ecoefficiencytool.rest.client.EcoEfficiencyToolRESTClientSP.forecastServiceEcoEfficiency(EcoEfficiencyToolRESTClientSP.java:168) - 500
[2013-02-18 12:42:14,667]ERROR 11907[main] - eu.optimis.ecoefficiencytool.rest.client.EcoEfficiencyToolRESTClientIP.forecastIPEcoEfficiencyServiceDeployment(EcoEfficiencyToolRESTClientIP.java:253) - 500
[2013-02-21 12:36:12,347]ERROR     0[main] - eu.optimis.ecoefficiencytool.rest.client.EcoEfficiencyToolRESTClientIP.forecastServiceEcoEfficiency(EcoEfficiencyToolRESTClientIP.java:654) - 500
[2013-02-21 12:36:18,058]ERROR  5711[main] - eu.optimis.ecoefficiencytool.rest.client.EcoEfficiencyToolRESTClientIP.assessNodeEcoEfficiency(EcoEfficiencyToolRESTClientIP.java:441) - 500
[2013-02-21 12:36:23,047]ERROR 10700[main] - eu.optimis.ecoefficiencytool.rest.client.EcoEfficiencyToolRESTClientIP.assessIPEcoEfficiency(EcoEfficiencyToolRESTClientIP.java:162) - 500
[2013-02-26 12:15:57,139]ERROR     0[main] - eu.optimis.ecoefficiencytool.rest.client.EcoEfficiencyToolRESTClientSP.forecastServiceEcoEfficiency(EcoEfficiencyToolRESTClientSP.java:169) - 500
[2013-02-26 12:44:39,731]ERROR     0[main] - eu.optimis.ecoefficiencytool.rest.client.EcoEfficiencyToolRESTClientIP.assessNodeEcoEfficiency(EcoEfficiencyToolRESTClientIP.java:441) - 500
[2013-02-26 12:44:39,907]ERROR   176[main] - eu.optimis.ecoefficiencytool.rest.client.EcoEfficiencyToolRESTClientIP.assessIPEcoEfficiency(EcoEfficiencyToolRESTClientIP.java:162) - 500
